Vivado Simulator 2018.3
Time resolution is 1 ps
Permission denied
Voting still on
Please press the button to caste your vote
Please vote properly
Please press the button to caste your vote
You have voted
Voting still on
Permission denied
Please press the button to caste your vote
Please vote properly
Permission denied
Permission denied
Permission denied
Please press the button to caste your vote
Please vote properly
Please press the button to caste your vote
You have voted
Voting still on
Permission denied
Please press the button to caste your vote
Please vote properly
Permission denied
Permission denied
Permission denied
$finish called at time : 50 ns : File "C:/Users/Kartik/Desktop/Digital Design labs/Lab 7/evmQ2/evmQ2.srcs/sources_1/new/test_bench.v" Line 53
