INFO: [VRFC 10-2263] Analyzing Verilog file "C:/Users/Kartik/Desktop/Digital Design labs/Lab 3/Carry_Select_Adder/Carry_Select_Adder.srcs/sources_1/new/CarrySelectAdder.v" into library xil_defaultlib
INFO: [VRFC 10-311] analyzing module CarrySelectAdder
INFO: [VRFC 10-2458] undeclared symbol c0, assumed default net type wire [C:/Users/Kartik/Desktop/Digital Design labs/Lab 3/Carry_Select_Adder/Carry_Select_Adder.srcs/sources_1/new/CarrySelectAdder.v:8]
INFO: [VRFC 10-2458] undeclared symbol c1, assumed default net type wire [C:/Users/Kartik/Desktop/Digital Design labs/Lab 3/Carry_Select_Adder/Carry_Select_Adder.srcs/sources_1/new/CarrySelectAdder.v:9]
INFO: [VRFC 10-2458] undeclared symbol c2, assumed default net type wire [C:/Users/Kartik/Desktop/Digital Design labs/Lab 3/Carry_Select_Adder/Carry_Select_Adder.srcs/sources_1/new/CarrySelectAdder.v:10]
INFO: [VRFC 10-2458] undeclared symbol c3, assumed default net type wire [C:/Users/Kartik/Desktop/Digital Design labs/Lab 3/Carry_Select_Adder/Carry_Select_Adder.srcs/sources_1/new/CarrySelectAdder.v:11]
INFO: [VRFC 10-2458] undeclared symbol c4, assumed default net type wire [C:/Users/Kartik/Desktop/Digital Design labs/Lab 3/Carry_Select_Adder/Carry_Select_Adder.srcs/sources_1/new/CarrySelectAdder.v:12]
INFO: [VRFC 10-2458] undeclared symbol c5, assumed default net type wire [C:/Users/Kartik/Desktop/Digital Design labs/Lab 3/Carry_Select_Adder/Carry_Select_Adder.srcs/sources_1/new/CarrySelectAdder.v:13]
INFO: [VRFC 10-2458] undeclared symbol c6, assumed default net type wire [C:/Users/Kartik/Desktop/Digital Design labs/Lab 3/Carry_Select_Adder/Carry_Select_Adder.srcs/sources_1/new/CarrySelectAdder.v:14]
INFO: [VRFC 10-2458] undeclared symbol c7, assumed default net type wire [C:/Users/Kartik/Desktop/Digital Design labs/Lab 3/Carry_Select_Adder/Carry_Select_Adder.srcs/sources_1/new/CarrySelectAdder.v:15]
INFO: [VRFC 10-311] analyzing module carrySelectAdder
INFO: [VRFC 10-2458] undeclared symbol c1, assumed default net type wire [C:/Users/Kartik/Desktop/Digital Design labs/Lab 3/Carry_Select_Adder/Carry_Select_Adder.srcs/sources_1/new/CarrySelectAdder.v:20]
INFO: [VRFC 10-2458] undeclared symbol c2, assumed default net type wire [C:/Users/Kartik/Desktop/Digital Design labs/Lab 3/Carry_Select_Adder/Carry_Select_Adder.srcs/sources_1/new/CarrySelectAdder.v:21]
INFO: [VRFC 10-2458] undeclared symbol s3, assumed default net type wire [C:/Users/Kartik/Desktop/Digital Design labs/Lab 3/Carry_Select_Adder/Carry_Select_Adder.srcs/sources_1/new/CarrySelectAdder.v:22]
INFO: [VRFC 10-2458] undeclared symbol c3, assumed default net type wire [C:/Users/Kartik/Desktop/Digital Design labs/Lab 3/Carry_Select_Adder/Carry_Select_Adder.srcs/sources_1/new/CarrySelectAdder.v:22]
INFO: [VRFC 10-2458] undeclared symbol s4, assumed default net type wire [C:/Users/Kartik/Desktop/Digital Design labs/Lab 3/Carry_Select_Adder/Carry_Select_Adder.srcs/sources_1/new/CarrySelectAdder.v:23]
INFO: [VRFC 10-2458] undeclared symbol c4, assumed default net type wire [C:/Users/Kartik/Desktop/Digital Design labs/Lab 3/Carry_Select_Adder/Carry_Select_Adder.srcs/sources_1/new/CarrySelectAdder.v:23]
INFO: [VRFC 10-2458] undeclared symbol s5, assumed default net type wire [C:/Users/Kartik/Desktop/Digital Design labs/Lab 3/Carry_Select_Adder/Carry_Select_Adder.srcs/sources_1/new/CarrySelectAdder.v:24]
INFO: [VRFC 10-2458] undeclared symbol c5, assumed default net type wire [C:/Users/Kartik/Desktop/Digital Design labs/Lab 3/Carry_Select_Adder/Carry_Select_Adder.srcs/sources_1/new/CarrySelectAdder.v:24]
INFO: [VRFC 10-2458] undeclared symbol s6, assumed default net type wire [C:/Users/Kartik/Desktop/Digital Design labs/Lab 3/Carry_Select_Adder/Carry_Select_Adder.srcs/sources_1/new/CarrySelectAdder.v:25]
INFO: [VRFC 10-2458] undeclared symbol c6, assumed default net type wire [C:/Users/Kartik/Desktop/Digital Design labs/Lab 3/Carry_Select_Adder/Carry_Select_Adder.srcs/sources_1/new/CarrySelectAdder.v:25]
INFO: [VRFC 10-311] analyzing module full_adder
INFO: [VRFC 10-2458] undeclared symbol x, assumed default net type wire [C:/Users/Kartik/Desktop/Digital Design labs/Lab 3/Carry_Select_Adder/Carry_Select_Adder.srcs/sources_1/new/CarrySelectAdder.v:35]
INFO: [VRFC 10-2458] undeclared symbol y, assumed default net type wire [C:/Users/Kartik/Desktop/Digital Design labs/Lab 3/Carry_Select_Adder/Carry_Select_Adder.srcs/sources_1/new/CarrySelectAdder.v:35]
INFO: [VRFC 10-2458] undeclared symbol z, assumed default net type wire [C:/Users/Kartik/Desktop/Digital Design labs/Lab 3/Carry_Select_Adder/Carry_Select_Adder.srcs/sources_1/new/CarrySelectAdder.v:36]
INFO: [VRFC 10-311] analyzing module half_adder
INFO: [VRFC 10-2263] Analyzing Verilog file "C:/Users/Kartik/Desktop/Digital Design labs/Lab 3/Carry_Select_Adder/Carry_Select_Adder.srcs/sources_1/new/test_bench.v" into library xil_defaultlib
INFO: [VRFC 10-311] analyzing module test_bench
INFO: [VRFC 10-2263] Analyzing Verilog file "C:/Users/Kartik/Desktop/Digital Design labs/Lab 3/Carry_Select_Adder/Carry_Select_Adder.sim/sim_1/behav/xsim/glbl.v" into library xil_defaultlib
INFO: [VRFC 10-311] analyzing module glbl
