#-----------------------------------------------------------
# Vivado v2018.3 (64-bit)
# SW Build 2405991 on Thu Dec  6 23:38:27 MST 2018
# IP Build 2404404 on Fri Dec  7 01:43:56 MST 2018
# Start of session at: Sat Jan 15 12:08:04 2022
# Process ID: 10032
# Current directory: C:/Users/Kartik/Desktop/Digital Design labs/Lab1/four_bit_adder
# Command line: vivado.exe -gui_launcher_event rodinguilauncherevent11284 C:\Users\Kartik\Desktop\Digital Design labs\Lab1\four_bit_adder\four_bit_adder.xpr
# Log file: C:/Users/Kartik/Desktop/Digital Design labs/Lab1/four_bit_adder/vivado.log
# Journal file: C:/Users/Kartik/Desktop/Digital Design labs/Lab1/four_bit_adder\vivado.jou
#-----------------------------------------------------------
start_gui
open_project {C:/Users/Kartik/Desktop/Digital Design labs/Lab1/four_bit_adder/four_bit_adder.xpr}
INFO: [Project 1-313] Project file moved from 'C:/Users/Kartik/four_bit_adder' since last save.
Scanning sources...
Finished scanning sources
INFO: [IP_Flow 19-234] Refreshing IP repositories
INFO: [IP_Flow 19-1704] No user IP repositories specified
INFO: [IP_Flow 19-2313] Loaded Vivado IP repository 'C:/Xilinx/Vivado/2018.3/data/ip'.
open_project: Time (s): cpu = 00:00:23 ; elapsed = 00:00:17 . Memory (MB): peak = 744.430 ; gain = 147.090
update_compile_order -fileset sources_1
exit
INFO: [Common 17-206] Exiting Vivado at Sat Jan 15 12:11:44 2022...
